10:03:43.613 [http-nio-7002-exec-1] DEBUG eventLog - {"args":["akshay","123"],"method":"ResponseEntity com.example.TesterApp.controllers.TestController.getData(String,String)","event":"Start"}
10:03:43.636 [http-nio-7002-exec-1] DEBUG eventLog - {"args":["akshay"],"method":"TestModel com.example.TesterApp.serviceimpl.TestService.getData(String)","event":"Start"}
10:03:43.648 [http-nio-7002-exec-1] DEBUG eventLog - {"args":["akshay"],"method":"TestModel com.example.TesterApp.repository.TestRepoInterface.findByName(String)","event":"Start"}
11:04:35.789 [http-nio-7002-exec-1] DEBUG eventLog - {"args":["akshay","123"],"method":"ResponseEntity com.example.TesterApp.controllers.TestController.getData(String,String)","event":"Start"}
11:05:12.402 [http-nio-7002-exec-4] DEBUG eventLog - {"args":["akshay","123"],"method":"ResponseEntity com.example.TesterApp.controllers.TestController.getData(String,String)","event":"Start"}
11:05:32.694 [http-nio-7002-exec-6] DEBUG eventLog - {"args":[{"name":"akshay"},"akshay","123"],"method":"ResponseEntity com.example.TesterApp.controllers.TestController.postData(DataDTO,String,String)","event":"Start"}
11:06:35.851 [http-nio-7002-exec-1] DEBUG eventLog - {"args":[{"name":"akshay"},"akshay","123"],"method":"ResponseEntity com.example.TesterApp.controllers.TestController.postData(DataDTO,String,String)","event":"Start"}
11:06:52.682 [http-nio-7002-exec-1] DEBUG eventLog - {"args":["akshay","123"],"method":"ResponseEntity com.example.TesterApp.controllers.TestController.getData(String,String)","event":"Start"}
11:07:12.377 [http-nio-7002-exec-4] DEBUG eventLog - {"args":["akshay","123"],"method":"ResponseEntity com.example.TesterApp.controllers.TestController.getData(String,String)","event":"Start"}
11:07:29.628 [http-nio-7002-exec-2] DEBUG eventLog - {"args":["akshay","123"],"method":"ResponseEntity com.example.TesterApp.controllers.TestController.getData(String,String)","event":"Start"}
11:08:13.670 [http-nio-7002-exec-2] DEBUG eventLog - {"args":[{"name":"akshay"},"akshay","123"],"method":"ResponseEntity com.example.TesterApp.controllers.TestController.postData(DataDTO,String,String)","event":"Start"}
11:08:17.086 [http-nio-7002-exec-4] DEBUG eventLog - {"args":["akshay","123"],"method":"ResponseEntity com.example.TesterApp.controllers.TestController.getData(String,String)","event":"Start"}
11:08:30.416 [http-nio-7002-exec-6] DEBUG eventLog - {"args":["akshay","123"],"method":"ResponseEntity com.example.TesterApp.controllers.TestController.getData(String,String)","event":"Start"}
11:09:01.520 [http-nio-7002-exec-4] DEBUG eventLog - {"args":["akshay","123"],"method":"ResponseEntity com.example.TesterApp.controllers.TestController.getData(String,String)","event":"Start"}
11:10:04.374 [http-nio-7002-exec-5] DEBUG eventLog - {"args":["akshay"],"method":"ResponseEntity com.example.TesterApp.controllers.TestController.getException(String)","event":"Start"}
11:11:08.185 [http-nio-7002-exec-1] DEBUG eventLog - {"args":["akshay"],"method":"ResponseEntity com.example.TesterApp.controllers.TestController.getException(String)","event":"Start"}
11:12:27.032 [http-nio-7002-exec-1] DEBUG eventLog - {"args":["akshay","123"],"method":"ResponseEntity com.example.TesterApp.controllers.TestController.getData(String,String)","event":"Start"}
11:12:34.550 [http-nio-7002-exec-3] DEBUG eventLog - {"args":["akshay"],"method":"ResponseEntity com.example.TesterApp.controllers.TestController.getException(String)","event":"Start"}
11:13:10.239 [http-nio-7002-exec-2] DEBUG eventLog - {"args":["akshay","123"],"method":"ResponseEntity com.example.TesterApp.controllers.TestController.getData(String,String)","event":"Start"}
11:13:10.303 [http-nio-7002-exec-3] DEBUG eventLog - {"args":["akshay"],"method":"ResponseEntity com.example.TesterApp.controllers.TestController.getException(String)","event":"Start"}
11:16:54.859 [http-nio-7002-exec-2] DEBUG eventLog - {"args":[{"name":"akshay"},"akshay","123"],"method":"ResponseEntity com.example.TesterApp.controllers.TestController.postData(DataDTO,String,String)","event":"Start"}
11:17:20.158 [http-nio-7002-exec-1] DEBUG eventLog - {"args":["akshay","123"],"method":"ResponseEntity com.example.TesterApp.controllers.TestController.getData(String,String)","event":"Start"}
11:22:47.802 [http-nio-7002-exec-2] DEBUG eventLog - {"args":["akshay","123"],"method":"ResponseEntity com.example.TesterApp.controllers.TestController.getData(String,String)","event":"Start"}
11:28:18.502 [http-nio-7002-exec-2] DEBUG eventLog - {"args":["akshay","123"],"method":"ResponseEntity com.example.TesterApp.controllers.TestController.getData(String,String)","event":"Start"}
11:33:43.013 [http-nio-7002-exec-3] DEBUG eventLog - {"args":["akshay","123"],"method":"ResponseEntity com.example.TesterApp.controllers.TestController.getData(String,String)","event":"Start"}
11:34:53.944 [http-nio-7002-exec-2] DEBUG eventLog - {"args":["akshay","123"],"method":"ResponseEntity com.example.TesterApp.controllers.TestController.getData(String,String)","event":"Start"}
11:34:54.204 [http-nio-7002-exec-3] DEBUG eventLog - {"args":[{"name":"akshay"},"akshay","123"],"method":"ResponseEntity com.example.TesterApp.controllers.TestController.postData(DataDTO,String,String)","event":"Start"}
11:38:48.224 [http-nio-7002-exec-1] DEBUG eventLog - {"args":["akshay","123"],"method":"ResponseEntity com.example.TesterApp.controllers.TestController.getData(String,String)","event":"Start"}
11:38:48.398 [http-nio-7002-exec-3] DEBUG eventLog - {"args":[{"name":"akshay"},"akshay","123"],"method":"ResponseEntity com.example.TesterApp.controllers.TestController.postData(DataDTO,String,String)","event":"Start"}
11:38:48.402 [http-nio-7002-exec-3] DEBUG eventLog - {"args":[{"name":"akshay"}],"method":"void com.example.TesterApp.serviceimpl.TestService.putData(DataDTO)","event":"Start"}
11:38:48.413 [http-nio-7002-exec-3] DEBUG eventLog - {"args":[{"id":null,"name":"akshay"}],"method":"Object org.springframework.data.repository.CrudRepository.save(Object)","event":"Start"}
11:38:48.515 [http-nio-7002-exec-3] DEBUG eventLog - {"method":"Object org.springframework.data.repository.CrudRepository.save(Object)","response":{"id":{"timestamp":1619887128,"date":1619887128000},"name":"akshay"},"event":"Response"}
11:38:48.517 [http-nio-7002-exec-3] DEBUG eventLog - {"method":"void com.example.TesterApp.serviceimpl.TestService.putData(DataDTO)","response":null,"event":"Response"}
11:38:48.526 [http-nio-7002-exec-3] DEBUG eventLog - {"method":"ResponseEntity com.example.TesterApp.controllers.TestController.postData(DataDTO,String,String)","response":{"headers":{},"body":"Done","statusCodeValue":201,"statusCode":"CREATED"},"event":"Response"}
11:38:48.545 [http-nio-7002-exec-1] DEBUG eventLog - {"args":["akshay"],"method":"TestModel com.example.TesterApp.serviceimpl.TestService.getData(String)","event":"Start"}
11:38:48.545 [http-nio-7002-exec-1] DEBUG eventLog - {"args":["akshay"],"method":"TestModel com.example.TesterApp.repository.TestRepoInterface.findByName(String)","event":"Start"}
11:39:43.732 [http-nio-7002-exec-2] DEBUG eventLog - {"args":["akshay","123"],"method":"ResponseEntity com.example.TesterApp.controllers.TestController.getData(String,String)","event":"Start"}
11:39:43.949 [http-nio-7002-exec-3] DEBUG eventLog - {"args":[{"name":"akshay"},"akshay","123"],"method":"ResponseEntity com.example.TesterApp.controllers.TestController.postData(DataDTO,String,String)","event":"Start"}
11:39:57.006 [http-nio-7002-exec-3] DEBUG eventLog - {"args":[{"name":"akshay"}],"method":"void com.example.TesterApp.serviceimpl.TestService.putData(DataDTO)","event":"Start"}
11:39:57.896 [http-nio-7002-exec-3] DEBUG eventLog - {"args":[{"id":null,"name":"akshay"}],"method":"Object org.springframework.data.repository.CrudRepository.save(Object)","event":"Start"}
11:40:04.765 [http-nio-7002-exec-3] DEBUG eventLog - {"method":"Object org.springframework.data.repository.CrudRepository.save(Object)","response":{"id":{"timestamp":1619887202,"date":1619887202000},"name":"akshay"},"event":"Response"}
11:40:04.778 [http-nio-7002-exec-3] DEBUG eventLog - {"method":"void com.example.TesterApp.serviceimpl.TestService.putData(DataDTO)","response":null,"event":"Response"}
11:40:08.577 [http-nio-7002-exec-3] DEBUG eventLog - {"method":"ResponseEntity com.example.TesterApp.controllers.TestController.postData(DataDTO,String,String)","response":{"headers":{},"body":"Done","statusCodeValue":201,"statusCode":"CREATED"},"event":"Response"}
11:40:24.286 [http-nio-7002-exec-2] DEBUG eventLog - {"args":["akshay"],"method":"TestModel com.example.TesterApp.serviceimpl.TestService.getData(String)","event":"Start"}
11:40:24.289 [http-nio-7002-exec-2] DEBUG eventLog - {"args":["akshay"],"method":"TestModel com.example.TesterApp.repository.TestRepoInterface.findByName(String)","event":"Start"}
11:42:09.706 [http-nio-7002-exec-2] DEBUG eventLog - {"args":["akshay","123"],"method":"ResponseEntity com.example.TesterApp.controllers.TestController.getData(String,String)","event":"Start"}
11:42:09.931 [http-nio-7002-exec-3] DEBUG eventLog - {"args":[{"name":"akshay"},"akshay","123"],"method":"ResponseEntity com.example.TesterApp.controllers.TestController.postData(DataDTO,String,String)","event":"Start"}
11:42:17.271 [http-nio-7002-exec-3] DEBUG eventLog - {"args":[{"name":"akshay"}],"method":"void com.example.TesterApp.serviceimpl.TestService.putData(DataDTO)","event":"Start"}
11:42:17.305 [http-nio-7002-exec-3] DEBUG eventLog - {"args":[{"id":null,"name":"akshay"}],"method":"Object org.springframework.data.repository.CrudRepository.save(Object)","event":"Start"}
11:42:17.444 [http-nio-7002-exec-3] DEBUG eventLog - {"method":"Object org.springframework.data.repository.CrudRepository.save(Object)","response":{"id":{"timestamp":1619887337,"date":1619887337000},"name":"akshay"},"event":"Response"}
11:42:17.446 [http-nio-7002-exec-3] DEBUG eventLog - {"method":"void com.example.TesterApp.serviceimpl.TestService.putData(DataDTO)","response":null,"event":"Response"}
11:42:17.463 [http-nio-7002-exec-3] DEBUG eventLog - {"method":"ResponseEntity com.example.TesterApp.controllers.TestController.postData(DataDTO,String,String)","response":{"headers":{},"body":"Done","statusCode":"CREATED","statusCodeValue":201},"event":"Response"}
11:42:29.767 [http-nio-7002-exec-2] DEBUG eventLog - {"args":["akshay"],"method":"TestModel com.example.TesterApp.serviceimpl.TestService.getData(String)","event":"Start"}
11:42:29.770 [http-nio-7002-exec-2] DEBUG eventLog - {"method":"TestModel com.example.TesterApp.serviceimpl.TestService.getData(String)","response":{"id":null,"name":null},"event":"Response"}
11:42:29.774 [http-nio-7002-exec-2] DEBUG eventLog - {"method":"ResponseEntity com.example.TesterApp.controllers.TestController.getData(String,String)","response":{"headers":{},"body":{"id":null,"name":null},"statusCode":"OK","statusCodeValue":200},"event":"Response"}
